d:\workspace dev\visualstudioprojects\liboutils\x64\debug\liboutils.pdb
d:\workspace dev\visualstudioprojects\liboutils\x64\debug\liboutils.idb
d:\workspace dev\visualstudioprojects\liboutils\x64\debug\databaserecordset.obj
d:\workspace dev\visualstudioprojects\liboutils\x64\debug\compatibilityvariant.obj
d:\workspace dev\visualstudioprojects\liboutils\x64\debug\clistbox.obj
d:\workspace dev\visualstudioprojects\liboutils\x64\debug\cfenetres.obj
d:\workspace dev\visualstudioprojects\liboutils\x64\debug\cfenetre.obj
d:\workspace dev\visualstudioprojects\liboutils\x64\debug\ceditcontrole.obj
d:\workspace dev\visualstudioprojects\liboutils\x64\debug\ceditbox.obj
d:\workspace dev\visualstudioprojects\liboutils\x64\debug\cdialog.obj
d:\workspace dev\visualstudioprojects\liboutils\x64\debug\ccontrole.obj
d:\workspace dev\visualstudioprojects\liboutils\x64\debug\ccontrol.obj
d:\workspace dev\visualstudioprojects\liboutils\x64\debug\ccombobox.obj
d:\workspace dev\visualstudioprojects\liboutils\x64\debug\cbutton.obj
d:\workspace dev\visualstudioprojects\liboutils\x64\debug\adodatabase.obj
d:\workspace dev\visualstudioprojects\liboutils\x64\debug\cfillingfields.obj
d:\workspace dev\visualstudioprojects\globalone\x64\debug\liboutils.lib
d:\workspace dev\visualstudioprojects\liboutils\x64\debug\msado15.tli
d:\workspace dev\visualstudioprojects\liboutils\x64\debug\msado15.tlh
d:\workspace dev\visualstudioprojects\liboutils\x64\debug\liboutils.tlog\cl.command.1.tlog
d:\workspace dev\visualstudioprojects\liboutils\x64\debug\liboutils.tlog\cl.read.1.tlog
d:\workspace dev\visualstudioprojects\liboutils\x64\debug\liboutils.tlog\cl.write.1.tlog
d:\workspace dev\visualstudioprojects\liboutils\x64\debug\liboutils.tlog\lib-link.read.1.tlog
d:\workspace dev\visualstudioprojects\liboutils\x64\debug\liboutils.tlog\lib-link.write.1.tlog
d:\workspace dev\visualstudioprojects\liboutils\x64\debug\liboutils.tlog\lib.command.1.tlog
